<?xml version="1.0" encoding="UTF-8"?>
<testsuite xmlns:xsi="http://www.w3.org/2001/XMLSchema-instance" xsi:noNamespaceSchemaLocation="https://maven.apache.org/surefire/maven-surefire-plugin/xsd/surefire-test-report.xsd" name="fishman.fish.springbootdemo01.SpringbootDemo01ApplicationTests" time="1.839" tests="2" errors="0" skipped="0" failures="0">
  <properties>
    <property name="sun.desktop" value="windows"/>
    <property name="awt.toolkit" value="sun.awt.windows.WToolkit"/>
    <property name="file.encoding.pkg" value="sun.io"/>
    <property name="java.specification.version" value="1.8"/>
    <property name="sun.cpu.isalist" value="pentium_pro+mmx pentium_pro pentium+mmx pentium i486 i386 i86"/>
    <property name="sun.jnu.encoding" value="GBK"/>
    <property name="java.class.path" value="C:\IDEA_DEMO_project\springboot-demo01\target\test-classes;C:\IDEA_DEMO_project\springboot-demo01\target\classes;C:\Maven-3.6.0\mavenLocalRes\org\springframework\boot\spring-boot-starter-thymeleaf\2.4.1\spring-boot-starter-thymeleaf-2.4.1.jar;C:\Maven-3.6.0\mavenLocalRes\org\springframework\boot\spring-boot-starter\2.4.1\spring-boot-starter-2.4.1.jar;C:\Maven-3.6.0\mavenLocalRes\org\springframework\boot\spring-boot\2.4.1\spring-boot-2.4.1.jar;C:\Maven-3.6.0\mavenLocalRes\org\springframework\boot\spring-boot-autoconfigure\2.4.1\spring-boot-autoconfigure-2.4.1.jar;C:\Maven-3.6.0\mavenLocalRes\org\springframework\boot\spring-boot-starter-logging\2.4.1\spring-boot-starter-logging-2.4.1.jar;C:\Maven-3.6.0\mavenLocalRes\ch\qos\logback\logback-classic\1.2.3\logback-classic-1.2.3.jar;C:\Maven-3.6.0\mavenLocalRes\ch\qos\logback\logback-core\1.2.3\logback-core-1.2.3.jar;C:\Maven-3.6.0\mavenLocalRes\org\apache\logging\log4j\log4j-to-slf4j\2.13.3\log4j-to-slf4j-2.13.3.jar;C:\Maven-3.6.0\mavenLocalRes\org\apache\logging\log4j\log4j-api\2.13.3\log4j-api-2.13.3.jar;C:\Maven-3.6.0\mavenLocalRes\org\slf4j\jul-to-slf4j\1.7.30\jul-to-slf4j-1.7.30.jar;C:\Maven-3.6.0\mavenLocalRes\jakarta\annotation\jakarta.annotation-api\1.3.5\jakarta.annotation-api-1.3.5.jar;C:\Maven-3.6.0\mavenLocalRes\org\yaml\snakeyaml\1.27\snakeyaml-1.27.jar;C:\Maven-3.6.0\mavenLocalRes\org\thymeleaf\thymeleaf-spring5\3.0.11.RELEASE\thymeleaf-spring5-3.0.11.RELEASE.jar;C:\Maven-3.6.0\mavenLocalRes\org\thymeleaf\thymeleaf\3.0.11.RELEASE\thymeleaf-3.0.11.RELEASE.jar;C:\Maven-3.6.0\mavenLocalRes\org\attoparser\attoparser\2.0.5.RELEASE\attoparser-2.0.5.RELEASE.jar;C:\Maven-3.6.0\mavenLocalRes\org\unbescape\unbescape\1.1.6.RELEASE\unbescape-1.1.6.RELEASE.jar;C:\Maven-3.6.0\mavenLocalRes\org\slf4j\slf4j-api\1.7.30\slf4j-api-1.7.30.jar;C:\Maven-3.6.0\mavenLocalRes\org\thymeleaf\extras\thymeleaf-extras-java8time\3.0.4.RELEASE\thymeleaf-extras-java8time-3.0.4.RELEASE.jar;C:\Maven-3.6.0\mavenLocalRes\org\springframework\boot\spring-boot-starter-web\2.4.1\spring-boot-starter-web-2.4.1.jar;C:\Maven-3.6.0\mavenLocalRes\org\springframework\boot\spring-boot-starter-json\2.4.1\spring-boot-starter-json-2.4.1.jar;C:\Maven-3.6.0\mavenLocalRes\com\fasterxml\jackson\core\jackson-databind\2.11.3\jackson-databind-2.11.3.jar;C:\Maven-3.6.0\mavenLocalRes\com\fasterxml\jackson\core\jackson-annotations\2.11.3\jackson-annotations-2.11.3.jar;C:\Maven-3.6.0\mavenLocalRes\com\fasterxml\jackson\core\jackson-core\2.11.3\jackson-core-2.11.3.jar;C:\Maven-3.6.0\mavenLocalRes\com\fasterxml\jackson\datatype\jackson-datatype-jdk8\2.11.3\jackson-datatype-jdk8-2.11.3.jar;C:\Maven-3.6.0\mavenLocalRes\com\fasterxml\jackson\datatype\jackson-datatype-jsr310\2.11.3\jackson-datatype-jsr310-2.11.3.jar;C:\Maven-3.6.0\mavenLocalRes\com\fasterxml\jackson\module\jackson-module-parameter-names\2.11.3\jackson-module-parameter-names-2.11.3.jar;C:\Maven-3.6.0\mavenLocalRes\org\springframework\boot\spring-boot-starter-tomcat\2.4.1\spring-boot-starter-tomcat-2.4.1.jar;C:\Maven-3.6.0\mavenLocalRes\org\apache\tomcat\embed\tomcat-embed-core\9.0.41\tomcat-embed-core-9.0.41.jar;C:\Maven-3.6.0\mavenLocalRes\org\glassfish\jakarta.el\3.0.3\jakarta.el-3.0.3.jar;C:\Maven-3.6.0\mavenLocalRes\org\apache\tomcat\embed\tomcat-embed-websocket\9.0.41\tomcat-embed-websocket-9.0.41.jar;C:\Maven-3.6.0\mavenLocalRes\org\springframework\spring-web\5.3.2\spring-web-5.3.2.jar;C:\Maven-3.6.0\mavenLocalRes\org\springframework\spring-beans\5.3.2\spring-beans-5.3.2.jar;C:\Maven-3.6.0\mavenLocalRes\org\springframework\spring-webmvc\5.3.2\spring-webmvc-5.3.2.jar;C:\Maven-3.6.0\mavenLocalRes\org\springframework\spring-aop\5.3.2\spring-aop-5.3.2.jar;C:\Maven-3.6.0\mavenLocalRes\org\springframework\spring-context\5.3.2\spring-context-5.3.2.jar;C:\Maven-3.6.0\mavenLocalRes\org\springframework\spring-expression\5.3.2\spring-expression-5.3.2.jar;C:\Maven-3.6.0\mavenLocalRes\org\projectlombok\lombok\1.18.16\lombok-1.18.16.jar;C:\Maven-3.6.0\mavenLocalRes\org\springframework\boot\spring-boot-starter-test\2.4.1\spring-boot-starter-test-2.4.1.jar;C:\Maven-3.6.0\mavenLocalRes\org\springframework\boot\spring-boot-test\2.4.1\spring-boot-test-2.4.1.jar;C:\Maven-3.6.0\mavenLocalRes\org\springframework\boot\spring-boot-test-autoconfigure\2.4.1\spring-boot-test-autoconfigure-2.4.1.jar;C:\Maven-3.6.0\mavenLocalRes\com\jayway\jsonpath\json-path\2.4.0\json-path-2.4.0.jar;C:\Maven-3.6.0\mavenLocalRes\net\minidev\json-smart\2.3\json-smart-2.3.jar;C:\Maven-3.6.0\mavenLocalRes\net\minidev\accessors-smart\1.2\accessors-smart-1.2.jar;C:\Maven-3.6.0\mavenLocalRes\org\ow2\asm\asm\5.0.4\asm-5.0.4.jar;C:\Maven-3.6.0\mavenLocalRes\jakarta\xml\bind\jakarta.xml.bind-api\2.3.3\jakarta.xml.bind-api-2.3.3.jar;C:\Maven-3.6.0\mavenLocalRes\jakarta\activation\jakarta.activation-api\1.2.2\jakarta.activation-api-1.2.2.jar;C:\Maven-3.6.0\mavenLocalRes\org\assertj\assertj-core\3.18.1\assertj-core-3.18.1.jar;C:\Maven-3.6.0\mavenLocalRes\org\hamcrest\hamcrest\2.2\hamcrest-2.2.jar;C:\Maven-3.6.0\mavenLocalRes\org\junit\jupiter\junit-jupiter\5.7.0\junit-jupiter-5.7.0.jar;C:\Maven-3.6.0\mavenLocalRes\org\junit\jupiter\junit-jupiter-api\5.7.0\junit-jupiter-api-5.7.0.jar;C:\Maven-3.6.0\mavenLocalRes\org\apiguardian\apiguardian-api\1.1.0\apiguardian-api-1.1.0.jar;C:\Maven-3.6.0\mavenLocalRes\org\opentest4j\opentest4j\1.2.0\opentest4j-1.2.0.jar;C:\Maven-3.6.0\mavenLocalRes\org\junit\platform\junit-platform-commons\1.7.0\junit-platform-commons-1.7.0.jar;C:\Maven-3.6.0\mavenLocalRes\org\junit\jupiter\junit-jupiter-params\5.7.0\junit-jupiter-params-5.7.0.jar;C:\Maven-3.6.0\mavenLocalRes\org\junit\jupiter\junit-jupiter-engine\5.7.0\junit-jupiter-engine-5.7.0.jar;C:\Maven-3.6.0\mavenLocalRes\org\junit\platform\junit-platform-engine\1.7.0\junit-platform-engine-1.7.0.jar;C:\Maven-3.6.0\mavenLocalRes\org\mockito\mockito-core\3.6.28\mockito-core-3.6.28.jar;C:\Maven-3.6.0\mavenLocalRes\net\bytebuddy\byte-buddy\1.10.18\byte-buddy-1.10.18.jar;C:\Maven-3.6.0\mavenLocalRes\net\bytebuddy\byte-buddy-agent\1.10.18\byte-buddy-agent-1.10.18.jar;C:\Maven-3.6.0\mavenLocalRes\org\objenesis\objenesis\3.1\objenesis-3.1.jar;C:\Maven-3.6.0\mavenLocalRes\org\mockito\mockito-junit-jupiter\3.6.28\mockito-junit-jupiter-3.6.28.jar;C:\Maven-3.6.0\mavenLocalRes\org\skyscreamer\jsonassert\1.5.0\jsonassert-1.5.0.jar;C:\Maven-3.6.0\mavenLocalRes\com\vaadin\external\google\android-json\0.0.20131108.vaadin1\android-json-0.0.20131108.vaadin1.jar;C:\Maven-3.6.0\mavenLocalRes\org\springframework\spring-core\5.3.2\spring-core-5.3.2.jar;C:\Maven-3.6.0\mavenLocalRes\org\springframework\spring-jcl\5.3.2\spring-jcl-5.3.2.jar;C:\Maven-3.6.0\mavenLocalRes\org\springframework\spring-test\5.3.2\spring-test-5.3.2.jar;C:\Maven-3.6.0\mavenLocalRes\org\xmlunit\xmlunit-core\2.7.0\xmlunit-core-2.7.0.jar;C:\Maven-3.6.0\mavenLocalRes\org\springframework\boot\spring-boot-configuration-processor\2.4.1\spring-boot-configuration-processor-2.4.1.jar;"/>
    <property name="java.vm.vendor" value="Oracle Corporation"/>
    <property name="sun.arch.data.model" value="32"/>
    <property name="user.variant" value=""/>
    <property name="java.vendor.url" value="http://java.oracle.com/"/>
    <property name="user.timezone" value="Asia/Shanghai"/>
    <property name="java.vm.specification.version" value="1.8"/>
    <property name="os.name" value="Windows 10"/>
    <property name="user.country" value="CN"/>
    <property name="sun.java.launcher" value="SUN_STANDARD"/>
    <property name="sun.boot.library.path" value="C:\Java\java-32bit\jre\bin"/>
    <property name="sun.java.command" value="C:\Users\29303\AppData\Local\Temp\surefire6086665617238752385\surefirebooter8551591231982702026.jar C:\Users\29303\AppData\Local\Temp\surefire6086665617238752385 2020-12-22T15-12-45_303-jvmRun1 surefire635800901822793952tmp surefire_06076173014659116688tmp"/>
    <property name="surefire.test.class.path" value="C:\IDEA_DEMO_project\springboot-demo01\target\test-classes;C:\IDEA_DEMO_project\springboot-demo01\target\classes;C:\Maven-3.6.0\mavenLocalRes\org\springframework\boot\spring-boot-starter-thymeleaf\2.4.1\spring-boot-starter-thymeleaf-2.4.1.jar;C:\Maven-3.6.0\mavenLocalRes\org\springframework\boot\spring-boot-starter\2.4.1\spring-boot-starter-2.4.1.jar;C:\Maven-3.6.0\mavenLocalRes\org\springframework\boot\spring-boot\2.4.1\spring-boot-2.4.1.jar;C:\Maven-3.6.0\mavenLocalRes\org\springframework\boot\spring-boot-autoconfigure\2.4.1\spring-boot-autoconfigure-2.4.1.jar;C:\Maven-3.6.0\mavenLocalRes\org\springframework\boot\spring-boot-starter-logging\2.4.1\spring-boot-starter-logging-2.4.1.jar;C:\Maven-3.6.0\mavenLocalRes\ch\qos\logback\logback-classic\1.2.3\logback-classic-1.2.3.jar;C:\Maven-3.6.0\mavenLocalRes\ch\qos\logback\logback-core\1.2.3\logback-core-1.2.3.jar;C:\Maven-3.6.0\mavenLocalRes\org\apache\logging\log4j\log4j-to-slf4j\2.13.3\log4j-to-slf4j-2.13.3.jar;C:\Maven-3.6.0\mavenLocalRes\org\apache\logging\log4j\log4j-api\2.13.3\log4j-api-2.13.3.jar;C:\Maven-3.6.0\mavenLocalRes\org\slf4j\jul-to-slf4j\1.7.30\jul-to-slf4j-1.7.30.jar;C:\Maven-3.6.0\mavenLocalRes\jakarta\annotation\jakarta.annotation-api\1.3.5\jakarta.annotation-api-1.3.5.jar;C:\Maven-3.6.0\mavenLocalRes\org\yaml\snakeyaml\1.27\snakeyaml-1.27.jar;C:\Maven-3.6.0\mavenLocalRes\org\thymeleaf\thymeleaf-spring5\3.0.11.RELEASE\thymeleaf-spring5-3.0.11.RELEASE.jar;C:\Maven-3.6.0\mavenLocalRes\org\thymeleaf\thymeleaf\3.0.11.RELEASE\thymeleaf-3.0.11.RELEASE.jar;C:\Maven-3.6.0\mavenLocalRes\org\attoparser\attoparser\2.0.5.RELEASE\attoparser-2.0.5.RELEASE.jar;C:\Maven-3.6.0\mavenLocalRes\org\unbescape\unbescape\1.1.6.RELEASE\unbescape-1.1.6.RELEASE.jar;C:\Maven-3.6.0\mavenLocalRes\org\slf4j\slf4j-api\1.7.30\slf4j-api-1.7.30.jar;C:\Maven-3.6.0\mavenLocalRes\org\thymeleaf\extras\thymeleaf-extras-java8time\3.0.4.RELEASE\thymeleaf-extras-java8time-3.0.4.RELEASE.jar;C:\Maven-3.6.0\mavenLocalRes\org\springframework\boot\spring-boot-starter-web\2.4.1\spring-boot-starter-web-2.4.1.jar;C:\Maven-3.6.0\mavenLocalRes\org\springframework\boot\spring-boot-starter-json\2.4.1\spring-boot-starter-json-2.4.1.jar;C:\Maven-3.6.0\mavenLocalRes\com\fasterxml\jackson\core\jackson-databind\2.11.3\jackson-databind-2.11.3.jar;C:\Maven-3.6.0\mavenLocalRes\com\fasterxml\jackson\core\jackson-annotations\2.11.3\jackson-annotations-2.11.3.jar;C:\Maven-3.6.0\mavenLocalRes\com\fasterxml\jackson\core\jackson-core\2.11.3\jackson-core-2.11.3.jar;C:\Maven-3.6.0\mavenLocalRes\com\fasterxml\jackson\datatype\jackson-datatype-jdk8\2.11.3\jackson-datatype-jdk8-2.11.3.jar;C:\Maven-3.6.0\mavenLocalRes\com\fasterxml\jackson\datatype\jackson-datatype-jsr310\2.11.3\jackson-datatype-jsr310-2.11.3.jar;C:\Maven-3.6.0\mavenLocalRes\com\fasterxml\jackson\module\jackson-module-parameter-names\2.11.3\jackson-module-parameter-names-2.11.3.jar;C:\Maven-3.6.0\mavenLocalRes\org\springframework\boot\spring-boot-starter-tomcat\2.4.1\spring-boot-starter-tomcat-2.4.1.jar;C:\Maven-3.6.0\mavenLocalRes\org\apache\tomcat\embed\tomcat-embed-core\9.0.41\tomcat-embed-core-9.0.41.jar;C:\Maven-3.6.0\mavenLocalRes\org\glassfish\jakarta.el\3.0.3\jakarta.el-3.0.3.jar;C:\Maven-3.6.0\mavenLocalRes\org\apache\tomcat\embed\tomcat-embed-websocket\9.0.41\tomcat-embed-websocket-9.0.41.jar;C:\Maven-3.6.0\mavenLocalRes\org\springframework\spring-web\5.3.2\spring-web-5.3.2.jar;C:\Maven-3.6.0\mavenLocalRes\org\springframework\spring-beans\5.3.2\spring-beans-5.3.2.jar;C:\Maven-3.6.0\mavenLocalRes\org\springframework\spring-webmvc\5.3.2\spring-webmvc-5.3.2.jar;C:\Maven-3.6.0\mavenLocalRes\org\springframework\spring-aop\5.3.2\spring-aop-5.3.2.jar;C:\Maven-3.6.0\mavenLocalRes\org\springframework\spring-context\5.3.2\spring-context-5.3.2.jar;C:\Maven-3.6.0\mavenLocalRes\org\springframework\spring-expression\5.3.2\spring-expression-5.3.2.jar;C:\Maven-3.6.0\mavenLocalRes\org\projectlombok\lombok\1.18.16\lombok-1.18.16.jar;C:\Maven-3.6.0\mavenLocalRes\org\springframework\boot\spring-boot-starter-test\2.4.1\spring-boot-starter-test-2.4.1.jar;C:\Maven-3.6.0\mavenLocalRes\org\springframework\boot\spring-boot-test\2.4.1\spring-boot-test-2.4.1.jar;C:\Maven-3.6.0\mavenLocalRes\org\springframework\boot\spring-boot-test-autoconfigure\2.4.1\spring-boot-test-autoconfigure-2.4.1.jar;C:\Maven-3.6.0\mavenLocalRes\com\jayway\jsonpath\json-path\2.4.0\json-path-2.4.0.jar;C:\Maven-3.6.0\mavenLocalRes\net\minidev\json-smart\2.3\json-smart-2.3.jar;C:\Maven-3.6.0\mavenLocalRes\net\minidev\accessors-smart\1.2\accessors-smart-1.2.jar;C:\Maven-3.6.0\mavenLocalRes\org\ow2\asm\asm\5.0.4\asm-5.0.4.jar;C:\Maven-3.6.0\mavenLocalRes\jakarta\xml\bind\jakarta.xml.bind-api\2.3.3\jakarta.xml.bind-api-2.3.3.jar;C:\Maven-3.6.0\mavenLocalRes\jakarta\activation\jakarta.activation-api\1.2.2\jakarta.activation-api-1.2.2.jar;C:\Maven-3.6.0\mavenLocalRes\org\assertj\assertj-core\3.18.1\assertj-core-3.18.1.jar;C:\Maven-3.6.0\mavenLocalRes\org\hamcrest\hamcrest\2.2\hamcrest-2.2.jar;C:\Maven-3.6.0\mavenLocalRes\org\junit\jupiter\junit-jupiter\5.7.0\junit-jupiter-5.7.0.jar;C:\Maven-3.6.0\mavenLocalRes\org\junit\jupiter\junit-jupiter-api\5.7.0\junit-jupiter-api-5.7.0.jar;C:\Maven-3.6.0\mavenLocalRes\org\apiguardian\apiguardian-api\1.1.0\apiguardian-api-1.1.0.jar;C:\Maven-3.6.0\mavenLocalRes\org\opentest4j\opentest4j\1.2.0\opentest4j-1.2.0.jar;C:\Maven-3.6.0\mavenLocalRes\org\junit\platform\junit-platform-commons\1.7.0\junit-platform-commons-1.7.0.jar;C:\Maven-3.6.0\mavenLocalRes\org\junit\jupiter\junit-jupiter-params\5.7.0\junit-jupiter-params-5.7.0.jar;C:\Maven-3.6.0\mavenLocalRes\org\junit\jupiter\junit-jupiter-engine\5.7.0\junit-jupiter-engine-5.7.0.jar;C:\Maven-3.6.0\mavenLocalRes\org\junit\platform\junit-platform-engine\1.7.0\junit-platform-engine-1.7.0.jar;C:\Maven-3.6.0\mavenLocalRes\org\mockito\mockito-core\3.6.28\mockito-core-3.6.28.jar;C:\Maven-3.6.0\mavenLocalRes\net\bytebuddy\byte-buddy\1.10.18\byte-buddy-1.10.18.jar;C:\Maven-3.6.0\mavenLocalRes\net\bytebuddy\byte-buddy-agent\1.10.18\byte-buddy-agent-1.10.18.jar;C:\Maven-3.6.0\mavenLocalRes\org\objenesis\objenesis\3.1\objenesis-3.1.jar;C:\Maven-3.6.0\mavenLocalRes\org\mockito\mockito-junit-jupiter\3.6.28\mockito-junit-jupiter-3.6.28.jar;C:\Maven-3.6.0\mavenLocalRes\org\skyscreamer\jsonassert\1.5.0\jsonassert-1.5.0.jar;C:\Maven-3.6.0\mavenLocalRes\com\vaadin\external\google\android-json\0.0.20131108.vaadin1\android-json-0.0.20131108.vaadin1.jar;C:\Maven-3.6.0\mavenLocalRes\org\springframework\spring-core\5.3.2\spring-core-5.3.2.jar;C:\Maven-3.6.0\mavenLocalRes\org\springframework\spring-jcl\5.3.2\spring-jcl-5.3.2.jar;C:\Maven-3.6.0\mavenLocalRes\org\springframework\spring-test\5.3.2\spring-test-5.3.2.jar;C:\Maven-3.6.0\mavenLocalRes\org\xmlunit\xmlunit-core\2.7.0\xmlunit-core-2.7.0.jar;C:\Maven-3.6.0\mavenLocalRes\org\springframework\boot\spring-boot-configuration-processor\2.4.1\spring-boot-configuration-processor-2.4.1.jar;"/>
    <property name="sun.cpu.endian" value="little"/>
    <property name="user.home" value="C:\Users\29303"/>
    <property name="user.language" value="zh"/>
    <property name="java.specification.vendor" value="Oracle Corporation"/>
    <property name="java.home" value="C:\Java\java-32bit\jre"/>
    <property name="basedir" value="C:\IDEA_DEMO_project\springboot-demo01"/>
    <property name="file.separator" value="\"/>
    <property name="line.separator" value="&#10;"/>
    <property name="java.vm.specification.vendor" value="Oracle Corporation"/>
    <property name="java.specification.name" value="Java Platform API Specification"/>
    <property name="java.awt.graphicsenv" value="sun.awt.Win32GraphicsEnvironment"/>
    <property name="surefire.real.class.path" value="C:\Users\29303\AppData\Local\Temp\surefire6086665617238752385\surefirebooter8551591231982702026.jar"/>
    <property name="sun.boot.class.path" value="C:\Java\java-32bit\jre\lib\resources.jar;C:\Java\java-32bit\jre\lib\rt.jar;C:\Java\java-32bit\jre\lib\sunrsasign.jar;C:\Java\java-32bit\jre\lib\jsse.jar;C:\Java\java-32bit\jre\lib\jce.jar;C:\Java\java-32bit\jre\lib\charsets.jar;C:\Java\java-32bit\jre\lib\jfr.jar;C:\Java\java-32bit\jre\classes"/>
    <property name="user.script" value=""/>
    <property name="sun.management.compiler" value="HotSpot Client Compiler"/>
    <property name="java.runtime.version" value="1.8.0_231-b11"/>
    <property name="user.name" value="29303"/>
    <property name="path.separator" value=";"/>
    <property name="os.version" value="10.0"/>
    <property name="java.endorsed.dirs" value="C:\Java\java-32bit\jre\lib\endorsed"/>
    <property name="java.runtime.name" value="Java(TM) SE Runtime Environment"/>
    <property name="file.encoding" value="GBK"/>
    <property name="java.vm.name" value="Java HotSpot(TM) Client VM"/>
    <property name="localRepository" value="C:\Maven-3.6.0\mavenLocalRes"/>
    <property name="java.vendor.url.bug" value="http://bugreport.sun.com/bugreport/"/>
    <property name="java.io.tmpdir" value="C:\Users\29303\AppData\Local\Temp\"/>
    <property name="java.version" value="1.8.0_231"/>
    <property name="user.dir" value="C:\IDEA_DEMO_project\springboot-demo01"/>
    <property name="os.arch" value="x86"/>
    <property name="java.vm.specification.name" value="Java Virtual Machine Specification"/>
    <property name="java.awt.printerjob" value="sun.awt.windows.WPrinterJob"/>
    <property name="idea.version2019.3.1" value="true"/>
    <property name="sun.os.patch.level" value=""/>
    <property name="java.library.path" value="C:\Java\java-32bit\jre\bin;C:\WINDOWS\Sun\Java\bin;C:\WINDOWS\system32;C:\WINDOWS;C:\Program Files (x86)\Common Files\Oracle\Java\javapath;C:\Windows\system32;C:\Windows;C:\Windows\System32\Wbem;C:\Windows\System32\WindowsPowerShell\v1.0\;C:\Windows\System32\OpenSSH\;C:\Program Files (x86)\NVIDIA Corporation\PhysX\Common;C:\Program Files\NVIDIA Corporation\NVIDIA NvDLISR;C:\WINDOWS\system32;C:\WINDOWS;C:\WINDOWS\System32\Wbem;C:\WINDOWS\System32\WindowsPowerShell\v1.0\;C:\WINDOWS\System32\OpenSSH\;C:\Program Files (x86)\Microsoft SQL Server\150\Tools\Binn\;C:\Program Files\Microsoft SQL Server\150\Tools\Binn\;C:\Program Files (x86)\Microsoft SQL Server\150\DTS\Binn\;C:\Program Files\Microsoft SQL Server\150\DTS\Binn\;C:\Program Files\Microsoft SQL Server\Client SDK\ODBC\170\Tools\Binn\;&quot;C:\Java\java-32bit\bin;C:\Java\java-32bit\jre\bin&quot;;C:\Program Files\Git\cmd;C:\Program Files\TortoiseGit\bin;C:\Maven-3.6.0\bin;C:\Program Files\MySQL\MySQL Server 8.0\bin;C:\apache-ant-1.10.7-bin\bin;C:\Xshell 7\;C:\Program Files\MySQL\MySQL Shell 8.0\bin\;C:\Users\29303\AppData\Local\Microsoft\WindowsApps;;."/>
    <property name="java.vm.info" value="mixed mode, sharing"/>
    <property name="java.vendor" value="Oracle Corporation"/>
    <property name="java.vm.version" value="25.231-b11"/>
    <property name="java.ext.dirs" value="C:\Java\java-32bit\jre\lib\ext;C:\WINDOWS\Sun\Java\lib\ext"/>
    <property name="sun.io.unicode.encoding" value="UnicodeLittle"/>
    <property name="java.class.version" value="52.0"/>
  </properties>
  <testcase name="test1" classname="fishman.fish.springbootdemo01.SpringbootDemo01ApplicationTests" time="0.143"/>
  <testcase name="test2" classname="fishman.fish.springbootdemo01.SpringbootDemo01ApplicationTests" time="0.002"/>
</testsuite>